<?xml version="1.0" encoding="UTF-8"?>
<!-- Generated by org.testng.reporters.JUnitReportReporter -->
<testsuite hostname="Pankaj-Singh" name="NewTest2" tests="1" failures="0" timestamp="1 Nov 2022 09:22:54 GMT" time="0.006" errors="0">
  <testcase name="f" time="0.006" classname="NewTest2"/>
</testsuite> <!-- NewTest2 -->
